0 info it worked if it ends with ok
1 verbose cli [ '/usr/local/bin/node',
1 verbose cli   '/usr/local/bin/npm',
1 verbose cli   'install',
1 verbose cli   'hexo-renderer-kramed',
1 verbose cli   '–save' ]
2 info using npm@3.10.10
3 info using node@v6.10.3
4 silly loadCurrentTree Starting
5 silly install loadCurrentTree
6 silly install readLocalPackageData
7 silly fetchPackageMetaData hexo-renderer-kramed
8 silly fetchPackageMetaData –save
9 silly fetchNamedPackageData hexo-renderer-kramed
10 silly mapToRegistry name hexo-renderer-kramed
11 silly mapToRegistry using default registry
12 silly mapToRegistry registry https://registry.npmjs.org/
13 silly mapToRegistry data Result {
13 silly mapToRegistry   raw: 'hexo-renderer-kramed',
13 silly mapToRegistry   scope: null,
13 silly mapToRegistry   escapedName: 'hexo-renderer-kramed',
13 silly mapToRegistry   name: 'hexo-renderer-kramed',
13 silly mapToRegistry   rawSpec: '',
13 silly mapToRegistry   spec: 'latest',
13 silly mapToRegistry   type: 'tag' }
14 silly mapToRegistry uri https://registry.npmjs.org/hexo-renderer-kramed
15 silly fetchOtherPackageData –save
16 silly cache add args [ '–save', null ]
17 verbose cache add spec –save
18 verbose request uri https://registry.npmjs.org/hexo-renderer-kramed
19 verbose request no auth needed
20 info attempt registry request try #1 at 01:04:34
21 verbose request id 4727edf9b7fd8753
22 http request GET https://registry.npmjs.org/hexo-renderer-kramed
23 info retry will retry, error on last attempt: TypeError: The header content contains invalid characters
24 silly cache add parsed spec Result {
24 silly cache add   raw: '–save',
24 silly cache add   scope: null,
24 silly cache add   escapedName: null,
24 silly cache add   name: null,
24 silly cache add   rawSpec: '–save',
24 silly cache add   spec: '/Users/wxp/blog/wisimer.github.io/–save',
24 silly cache add   type: 'local' }
25 error addLocal Could not install /Users/wxp/blog/wisimer.github.io/–save
26 silly fetchPackageMetaData Error: ENOENT: no such file or directory, open '/Users/wxp/blog/wisimer.github.io/–save'
26 silly fetchPackageMetaData     at Error (native)
26 silly fetchPackageMetaData  error for –save { Error: ENOENT: no such file or directory, open '/Users/wxp/blog/wisimer.github.io/–save'
26 silly fetchPackageMetaData     at Error (native)
26 silly fetchPackageMetaData   errno: -2,
26 silly fetchPackageMetaData   code: 'ENOENT',
26 silly fetchPackageMetaData   syscall: 'open',
26 silly fetchPackageMetaData   path: '/Users/wxp/blog/wisimer.github.io/–save' }
27 info attempt registry request try #2 at 01:04:44
28 http request GET https://registry.npmjs.org/hexo-renderer-kramed
29 info retry will retry, error on last attempt: TypeError: The header content contains invalid characters
30 info attempt registry request try #3 at 01:05:44
31 http request GET https://registry.npmjs.org/hexo-renderer-kramed
32 silly fetchPackageMetaData TypeError: The header content contains invalid characters
32 silly fetchPackageMetaData     at ClientRequest.OutgoingMessage.setHeader (_http_outgoing.js:360:11)
32 silly fetchPackageMetaData     at new ClientRequest (_http_client.js:85:14)
32 silly fetchPackageMetaData     at Object.exports.request (http.js:31:10)
32 silly fetchPackageMetaData     at Object.exports.request (https.js:199:15)
32 silly fetchPackageMetaData     at Request.start (/usr/local/lib/node_modules/npm/node_modules/request/request.js:740:32)
32 silly fetchPackageMetaData     at Request.end (/usr/local/lib/node_modules/npm/node_modules/request/request.js:1398:10)
32 silly fetchPackageMetaData     at end (/usr/local/lib/node_modules/npm/node_modules/request/request.js:567:14)
32 silly fetchPackageMetaData     at Immediate.<anonymous> (/usr/local/lib/node_modules/npm/node_modules/request/request.js:581:7)
32 silly fetchPackageMetaData     at runCallback (timers.js:672:20)
32 silly fetchPackageMetaData     at tryOnImmediate (timers.js:645:5)
32 silly fetchPackageMetaData  error for hexo-renderer-kramed TypeError: The header content contains invalid characters
32 silly fetchPackageMetaData     at ClientRequest.OutgoingMessage.setHeader (_http_outgoing.js:360:11)
32 silly fetchPackageMetaData     at new ClientRequest (_http_client.js:85:14)
32 silly fetchPackageMetaData     at Object.exports.request (http.js:31:10)
32 silly fetchPackageMetaData     at Object.exports.request (https.js:199:15)
32 silly fetchPackageMetaData     at Request.start (/usr/local/lib/node_modules/npm/node_modules/request/request.js:740:32)
32 silly fetchPackageMetaData     at Request.end (/usr/local/lib/node_modules/npm/node_modules/request/request.js:1398:10)
32 silly fetchPackageMetaData     at end (/usr/local/lib/node_modules/npm/node_modules/request/request.js:567:14)
32 silly fetchPackageMetaData     at Immediate.<anonymous> (/usr/local/lib/node_modules/npm/node_modules/request/request.js:581:7)
32 silly fetchPackageMetaData     at runCallback (timers.js:672:20)
32 silly fetchPackageMetaData     at tryOnImmediate (timers.js:645:5)
33 silly rollbackFailedOptional Starting
34 silly rollbackFailedOptional Finishing
35 silly runTopLevelLifecycles Finishing
36 silly install printInstalled
37 verbose stack Error: ENOENT: no such file or directory, open '/Users/wxp/blog/wisimer.github.io/–save'
37 verbose stack     at Error (native)
38 verbose cwd /Users/wxp/blog/wisimer.github.io
39 error Darwin 16.7.0
40 error argv "/usr/local/bin/node" "/usr/local/bin/npm" "install" "hexo-renderer-kramed" "–save"
41 error node v6.10.3
42 error npm  v3.10.10
43 error path /Users/wxp/blog/wisimer.github.io/–save
44 error code ENOENT
45 error errno -2
46 error syscall open
47 error enoent ENOENT: no such file or directory, open '/Users/wxp/blog/wisimer.github.io/–save'
48 error enoent ENOENT: no such file or directory, open '/Users/wxp/blog/wisimer.github.io/–save'
48 error enoent This is most likely not a problem with npm itself
48 error enoent and is related to npm not being able to find a file.
49 verbose exit [ -2, true ]
